TN:
SF:/Users/cliffano/dev/workspace/nestor/lib/bot.js
FN:5,Bot
FN:9,(anonymous_2)
FN:17,(anonymous_3)
FN:18,(anonymous_4)
FN:23,(anonymous_5)
FN:27,(anonymous_6)
FN:44,(anonymous_7)
FN:50,(anonymous_8)
FN:60,(anonymous_9)
FN:69,(anonymous_10)
FN:71,(anonymous_11)
FNF:11
FNH:11
FNDA:29,Bot
FNDA:8,(anonymous_2)
FNDA:1,(anonymous_3)
FNDA:1,(anonymous_4)
FNDA:1,(anonymous_5)
FNDA:4,(anonymous_6)
FNDA:1,(anonymous_7)
FNDA:2,(anonymous_8)
FNDA:2,(anonymous_9)
FNDA:16,(anonymous_10)
FNDA:16,(anonymous_11)
DA:1,1
DA:5,1
DA:6,29
DA:9,1
DA:10,8
DA:12,8
DA:13,8
DA:15,8
DA:17,8
DA:18,8
DA:20,8
DA:21,8
DA:23,8
DA:24,1
DA:27,8
DA:28,4
DA:29,3
DA:33,3
DA:34,1
DA:35,2
DA:36,1
DA:38,1
DA:43,8
DA:44,8
DA:45,1
DA:50,1
DA:51,2
DA:52,1
DA:54,1
DA:55,1
DA:56,1
DA:60,1
DA:61,2
DA:62,1
DA:64,1
DA:65,1
DA:69,1
DA:70,16
DA:71,16
DA:72,16
DA:73,1
DA:74,1
DA:76,15
DA:81,1
LF:44
LH:44
BRDA:6,1,0,29
BRDA:6,1,1,14
BRDA:12,2,0,1
BRDA:12,2,1,7
BRDA:12,3,0,8
BRDA:12,3,1,8
BRDA:28,4,0,3
BRDA:28,4,1,1
BRDA:33,5,0,1
BRDA:33,5,1,2
BRDA:35,6,0,1
BRDA:35,6,1,1
BRDA:46,7,0,8
BRDA:46,7,1,0
BRDA:46,8,0,8
BRDA:46,8,1,8
BRDA:51,9,0,1
BRDA:51,9,1,1
BRDA:61,10,0,1
BRDA:61,10,1,1
BRDA:72,11,0,1
BRDA:72,11,1,15
BRF:22
BRH:21
end_of_record
TN:
SF:/Users/cliffano/dev/workspace/nestor/lib/cli.js
FN:24,__exec
FN:30,(anonymous_2)
FN:31,(anonymous_3)
FN:45,_build
FN:55,(anonymous_5)
FN:61,(anonymous_6)
FN:67,(anonymous_7)
FN:72,execCb
FN:78,_buildAll
FN:79,execCb
FN:85,_buildFail
FN:86,execCb
FN:92,_console
FN:93,execCb
FN:99,_dashboard
FN:100,execCb
FN:101,(anonymous_17)
FN:105,(anonymous_18)
FN:116,_discover
FN:122,execCb
FN:123,(anonymous_21)
FN:132,_executor
FN:133,execCb
FN:134,(anonymous_24)
FN:136,(anonymous_25)
FN:138,(anonymous_26)
FN:152,_job
FN:153,execCb
FN:154,(anonymous_29)
FN:158,(anonymous_30)
FN:166,_last
FN:167,execCb
FN:168,(anonymous_33)
FN:177,_queue
FN:178,execCb
FN:179,(anonymous_36)
FN:183,(anonymous_37)
FN:192,_version
FN:193,execCb
FN:194,(anonymous_40)
FN:201,_irc
FN:205,_feed
FN:212,execCb
FN:213,(anonymous_44)
FN:214,(anonymous_45)
FN:222,__monitor
FN:229,execCb
FN:230,(anonymous_48)
FN:244,exec
FNF:49
FNH:33
FNDA:23,__exec
FNDA:0,(anonymous_2)
FNDA:0,(anonymous_3)
FNDA:5,_build
FNDA:2,(anonymous_5)
FNDA:1,(anonymous_6)
FNDA:2,(anonymous_7)
FNDA:5,execCb
FNDA:1,_buildAll
FNDA:1,execCb
FNDA:1,_buildFail
FNDA:1,execCb
FNDA:3,_console
FNDA:3,execCb
FNDA:2,_dashboard
FNDA:2,execCb
FNDA:2,(anonymous_17)
FNDA:2,(anonymous_18)
FNDA:3,_discover
FNDA:3,execCb
FNDA:3,(anonymous_21)
FNDA:2,_executor
FNDA:2,execCb
FNDA:2,(anonymous_24)
FNDA:2,(anonymous_25)
FNDA:4,(anonymous_26)
FNDA:0,_job
FNDA:0,execCb
FNDA:0,(anonymous_29)
FNDA:0,(anonymous_30)
FNDA:3,_last
FNDA:3,execCb
FNDA:2,(anonymous_33)
FNDA:0,_queue
FNDA:0,execCb
FNDA:0,(anonymous_36)
FNDA:0,(anonymous_37)
FNDA:0,_version
FNDA:0,execCb
FNDA:0,(anonymous_40)
FNDA:1,_irc
FNDA:3,_feed
FNDA:3,execCb
FNDA:2,(anonymous_44)
FNDA:2,(anonymous_45)
FNDA:0,__monitor
FNDA:0,execCb
FNDA:0,(anonymous_48)
FNDA:24,exec
DA:1,1
DA:11,1
DA:20,1
DA:21,1
DA:22,1
DA:24,1
DA:26,23
DA:29,23
DA:30,0
DA:31,0
DA:32,0
DA:33,0
DA:34,0
DA:35,0
DA:41,23
DA:45,1
DA:46,5
DA:47,4
DA:50,5
DA:51,5
DA:54,5
DA:55,2
DA:56,2
DA:57,1
DA:59,1
DA:61,1
DA:62,1
DA:67,3
DA:68,2
DA:72,1
DA:73,5
DA:75,5
DA:78,1
DA:79,1
DA:80,1
DA:82,1
DA:85,1
DA:86,1
DA:87,1
DA:89,1
DA:92,1
DA:93,1
DA:94,3
DA:96,3
DA:99,1
DA:100,1
DA:101,2
DA:102,2
DA:103,1
DA:105,1
DA:106,2
DA:108,2
DA:113,2
DA:116,1
DA:117,3
DA:118,2
DA:119,2
DA:122,1
DA:123,3
DA:124,3
DA:129,3
DA:132,1
DA:133,1
DA:134,2
DA:135,2
DA:136,1
DA:137,2
DA:138,2
DA:139,4
DA:140,3
DA:145,1
DA:149,2
DA:152,1
DA:153,1
DA:154,0
DA:155,0
DA:157,0
DA:158,0
DA:159,0
DA:163,0
DA:166,1
DA:167,1
DA:168,3
DA:169,2
DA:170,2
DA:171,2
DA:174,3
DA:177,1
DA:178,1
DA:179,0
DA:180,0
DA:181,0
DA:183,0
DA:184,0
DA:189,0
DA:192,1
DA:193,1
DA:194,0
DA:195,0
DA:198,0
DA:201,1
DA:202,1
DA:205,1
DA:206,3
DA:207,3
DA:212,1
DA:213,3
DA:214,2
DA:215,2
DA:219,3
DA:222,1
DA:223,0
DA:224,0
DA:229,1
DA:230,0
DA:231,0
DA:232,0
DA:234,0
DA:238,0
DA:244,1
DA:246,24
DA:284,24
DA:287,1
LF:123
LH:95
BRDA:26,1,0,0
BRDA:26,1,1,23
BRDA:26,2,0,23
BRDA:26,2,1,11
BRDA:26,3,0,0
BRDA:26,3,1,0
BRDA:29,4,0,0
BRDA:29,4,1,23
BRDA:29,5,0,23
BRDA:29,5,1,0
BRDA:29,5,2,0
BRDA:46,6,0,4
BRDA:46,6,1,1
BRDA:47,7,0,4
BRDA:47,7,1,2
BRDA:54,8,0,2
BRDA:54,8,1,3
BRDA:56,9,0,1
BRDA:56,9,1,1
BRDA:63,10,0,1
BRDA:63,10,1,0
BRDA:73,11,0,2
BRDA:73,11,1,3
BRDA:102,12,0,1
BRDA:102,12,1,1
BRDA:107,13,0,2
BRDA:107,13,1,1
BRDA:117,14,0,2
BRDA:117,14,1,1
BRDA:118,15,0,2
BRDA:118,15,1,2
BRDA:126,16,0,2
BRDA:126,16,1,1
BRDA:126,17,0,3
BRDA:126,17,1,2
BRDA:135,18,0,1
BRDA:135,18,1,1
BRDA:139,19,0,3
BRDA:139,19,1,1
BRDA:140,20,0,1
BRDA:140,20,1,2
BRDA:156,21,0,0
BRDA:156,21,1,0
BRDA:169,22,0,2
BRDA:169,22,1,1
BRDA:170,23,0,1
BRDA:170,23,1,1
BRDA:180,24,0,0
BRDA:180,24,1,0
BRDA:206,25,0,3
BRDA:206,25,1,1
BRDA:223,26,0,0
BRDA:223,26,1,0
BRDA:231,27,0,0
BRDA:231,27,1,0
BRF:55
BRH:40
end_of_record
TN:
SF:/Users/cliffano/dev/workspace/nestor/lib/irc.js
FN:8,_build
FN:9,(anonymous_2)
FN:14,_stop
FN:15,(anonymous_4)
FN:20,_dashboard
FN:21,(anonymous_6)
FN:25,(anonymous_7)
FN:32,_discover
FN:34,(anonymous_9)
FN:41,_executor
FN:42,(anonymous_11)
FN:44,(anonymous_12)
FN:46,(anonymous_13)
FN:58,_job
FN:59,(anonymous_15)
FN:61,(anonymous_16)
FN:67,_queue
FN:68,(anonymous_18)
FN:72,(anonymous_19)
FN:79,_version
FN:80,(anonymous_21)
FN:92,start
FNF:22
FNH:22
FNDA:2,_build
FNDA:2,(anonymous_2)
FNDA:1,_stop
FNDA:1,(anonymous_4)
FNDA:2,_dashboard
FNDA:2,(anonymous_6)
FNDA:2,(anonymous_7)
FNDA:3,_discover
FNDA:3,(anonymous_9)
FNDA:2,_executor
FNDA:2,(anonymous_11)
FNDA:2,(anonymous_12)
FNDA:4,(anonymous_13)
FNDA:1,_job
FNDA:1,(anonymous_15)
FNDA:2,(anonymous_16)
FNDA:2,_queue
FNDA:2,(anonymous_18)
FNDA:2,(anonymous_19)
FNDA:1,_version
FNDA:1,(anonymous_21)
FNDA:14,start
DA:1,1
DA:8,1
DA:9,2
DA:10,2
DA:14,1
DA:15,1
DA:16,1
DA:20,1
DA:21,2
DA:22,2
DA:23,1
DA:25,1
DA:26,2
DA:32,1
DA:33,3
DA:34,3
DA:35,3
DA:41,1
DA:42,2
DA:43,2
DA:44,1
DA:45,2
DA:46,2
DA:47,4
DA:48,3
DA:53,1
DA:58,1
DA:59,1
DA:60,1
DA:61,1
DA:62,2
DA:67,1
DA:68,2
DA:69,2
DA:70,1
DA:72,1
DA:73,2
DA:79,1
DA:80,1
DA:81,1
DA:92,1
DA:93,14
DA:104,14
DA:105,14
DA:108,1
LF:45
LH:45
BRDA:9,1,0,1
BRDA:9,1,1,1
BRDA:22,2,0,1
BRDA:22,2,1,1
BRDA:33,3,0,2
BRDA:33,3,1,1
BRDA:37,4,0,2
BRDA:37,4,1,1
BRDA:37,5,0,3
BRDA:37,5,1,2
BRDA:43,6,0,1
BRDA:43,6,1,1
BRDA:47,7,0,3
BRDA:47,7,1,1
BRDA:48,8,0,1
BRDA:48,8,1,2
BRDA:69,9,0,1
BRDA:69,9,1,1
BRF:18
BRH:18
end_of_record
TN:
SF:/Users/cliffano/dev/workspace/nestor/lib/jenkins.js
FN:27,Jenkins
FN:29,_authFail
FN:33,_authRequire
FN:53,(anonymous_4)
FN:58,(anonymous_5)
FN:65,_success
FN:69,_notFound
FN:73,_paramsRequire
FN:92,(anonymous_9)
FN:96,filter
FN:102,iterator
FN:103,(anonymous_12)
FN:111,dashboardCb
FN:132,(anonymous_14)
FN:145,_success
FN:151,(anonymous_16)
FN:154,(anonymous_17)
FN:163,(anonymous_18)
FN:175,(anonymous_19)
FN:182,_notFound
FN:189,(anonymous_21)
FN:203,(anonymous_22)
FN:218,(anonymous_23)
FN:228,_success
FN:232,(anonymous_25)
FN:250,(anonymous_26)
FN:258,(anonymous_27)
FN:263,(anonymous_28)
FN:265,(anonymous_29)
FN:271,(anonymous_30)
FN:278,(anonymous_31)
FN:288,(anonymous_32)
FN:292,_success
FN:295,(anonymous_34)
FN:299,(anonymous_35)
FN:338,(anonymous_36)
FN:342,_success
FN:347,(anonymous_38)
FN:353,_notFound
FN:369,(anonymous_40)
FN:371,_success
FN:393,_notFound
FN:432,(anonymous_43)
FN:442,(anonymous_44)
FN:456,(anonymous_45)
FN:459,_notify
FN:460,(anonymous_47)
FN:472,(anonymous_48)
FN:490,(anonymous_49)
FN:494,(anonymous_50)
FN:502,(anonymous_51)
FNF:51
FNH:47
FNDA:89,Jenkins
FNDA:4,_authFail
FNDA:1,_authRequire
FNDA:10,(anonymous_4)
FNDA:4,(anonymous_5)
FNDA:3,_success
FNDA:1,_notFound
FNDA:1,_paramsRequire
FNDA:4,(anonymous_9)
FNDA:6,filter
FNDA:4,iterator
FNDA:4,(anonymous_12)
FNDA:4,dashboardCb
FNDA:6,(anonymous_14)
FNDA:5,_success
FNDA:7,(anonymous_16)
FNDA:3,(anonymous_17)
FNDA:3,(anonymous_18)
FNDA:5,(anonymous_19)
FNDA:1,_notFound
FNDA:6,(anonymous_21)
FNDA:1,(anonymous_22)
FNDA:5,(anonymous_23)
FNDA:5,_success
FNDA:13,(anonymous_25)
FNDA:4,(anonymous_26)
FNDA:1,(anonymous_27)
FNDA:1,(anonymous_28)
FNDA:1,(anonymous_29)
FNDA:2,(anonymous_30)
FNDA:1,(anonymous_31)
FNDA:1,(anonymous_32)
FNDA:1,_success
FNDA:2,(anonymous_34)
FNDA:3,(anonymous_35)
FNDA:0,(anonymous_36)
FNDA:0,_success
FNDA:0,(anonymous_38)
FNDA:0,_notFound
FNDA:3,(anonymous_40)
FNDA:2,_success
FNDA:1,_notFound
FNDA:4,(anonymous_43)
FNDA:4,(anonymous_44)
FNDA:3,(anonymous_45)
FNDA:3,_notify
FNDA:3,(anonymous_47)
FNDA:20,(anonymous_48)
FNDA:7,(anonymous_49)
FNDA:3,(anonymous_50)
FNDA:21,(anonymous_51)
DA:1,1
DA:16,1
DA:17,1
DA:18,1
DA:20,1
DA:27,1
DA:29,1
DA:30,4
DA:33,1
DA:34,1
DA:37,89
DA:38,89
DA:53,1
DA:54,10
DA:57,10
DA:58,2
DA:59,4
DA:60,4
DA:63,10
DA:65,1
DA:66,3
DA:69,1
DA:70,1
DA:73,1
DA:74,1
DA:77,10
DA:78,10
DA:79,10
DA:80,10
DA:82,10
DA:92,1
DA:93,4
DA:94,4
DA:96,1
DA:97,6
DA:102,1
DA:103,4
DA:104,4
DA:105,3
DA:107,4
DA:111,1
DA:112,4
DA:113,3
DA:115,1
DA:118,4
DA:132,1
DA:133,6
DA:134,3
DA:135,3
DA:138,6
DA:139,6
DA:143,6
DA:145,1
DA:146,5
DA:147,4
DA:150,5
DA:152,7
DA:155,3
DA:160,3
DA:161,1
DA:163,3
DA:164,3
DA:165,1
DA:167,2
DA:168,2
DA:169,1
DA:171,2
DA:176,5
DA:177,5
DA:182,1
DA:183,1
DA:186,6
DA:187,6
DA:189,6
DA:190,6
DA:193,6
DA:203,1
DA:204,1
DA:205,1
DA:218,1
DA:220,5
DA:221,4
DA:222,4
DA:225,5
DA:228,1
DA:229,5
DA:231,5
DA:232,4
DA:233,13
DA:236,5
DA:239,5
DA:241,5
DA:250,1
DA:252,4
DA:254,4
DA:258,4
DA:259,1
DA:260,1
DA:263,4
DA:264,1
DA:265,1
DA:266,1
DA:268,1
DA:271,4
DA:272,2
DA:273,1
DA:274,1
DA:278,4
DA:279,1
DA:288,1
DA:290,1
DA:292,1
DA:293,1
DA:295,1
DA:296,2
DA:297,2
DA:299,2
DA:300,3
DA:308,3
DA:309,1
DA:311,2
DA:314,2
DA:315,2
DA:316,2
DA:318,2
DA:319,1
DA:321,2
DA:323,1
DA:326,1
DA:328,1
DA:338,1
DA:340,0
DA:342,1
DA:343,0
DA:345,0
DA:346,0
DA:347,0
DA:348,0
DA:350,0
DA:353,1
DA:354,0
DA:357,0
DA:358,0
DA:360,0
DA:369,1
DA:371,1
DA:372,2
DA:379,2
DA:380,1
DA:381,1
DA:384,1
DA:385,1
DA:388,2
DA:390,2
DA:393,1
DA:394,1
DA:397,3
DA:398,3
DA:400,3
DA:403,1
DA:404,1
DA:406,1
DA:407,1
DA:408,1
DA:409,1
DA:411,1
DA:412,1
DA:413,1
DA:414,1
DA:415,1
DA:417,1
DA:418,1
DA:419,1
DA:432,1
DA:433,4
DA:434,4
DA:435,4
DA:436,2
DA:437,2
DA:438,1
DA:440,1
DA:442,4
DA:443,4
DA:456,1
DA:457,3
DA:459,1
DA:460,3
DA:461,3
DA:462,2
DA:464,3
DA:468,3
DA:469,3
DA:472,1
DA:474,20
DA:485,20
DA:487,20
DA:490,1
DA:491,7
DA:493,7
DA:494,2
DA:495,3
DA:499,7
DA:502,7
DA:503,21
DA:504,5
DA:505,5
DA:509,7
DA:512,1
LF:208
LH:197
BRDA:37,1,0,89
BRDA:37,1,1,34
BRDA:37,1,2,34
BRDA:57,2,0,2
BRDA:57,2,1,8
BRDA:93,3,0,4
BRDA:93,3,1,2
BRDA:97,4,0,4
BRDA:97,4,1,2
BRDA:104,5,0,3
BRDA:104,5,1,1
BRDA:112,6,0,3
BRDA:112,6,1,1
BRDA:133,7,0,3
BRDA:133,7,1,3
BRDA:133,8,0,6
BRDA:133,8,1,3
BRDA:146,9,0,4
BRDA:146,9,1,1
BRDA:160,10,0,1
BRDA:160,10,1,2
BRDA:164,11,0,1
BRDA:164,11,1,2
BRDA:168,12,0,1
BRDA:168,12,1,1
BRDA:171,13,0,2
BRDA:171,13,1,0
BRDA:171,14,0,2
BRDA:171,14,1,2
BRDA:220,15,0,4
BRDA:220,15,1,1
BRDA:226,16,0,1
BRDA:226,16,1,4
BRDA:231,17,0,4
BRDA:231,17,1,1
BRDA:272,18,0,1
BRDA:272,18,1,1
BRDA:304,19,0,2
BRDA:304,19,1,1
BRDA:308,20,0,1
BRDA:308,20,1,2
BRDA:315,21,0,2
BRDA:315,21,1,0
BRDA:318,22,0,1
BRDA:318,22,1,1
BRDA:379,23,0,1
BRDA:379,23,1,1
BRDA:433,24,0,4
BRDA:433,24,1,1
BRDA:435,25,0,2
BRDA:435,25,1,2
BRDA:437,26,0,1
BRDA:437,26,1,1
BRDA:461,27,0,2
BRDA:461,27,1,1
BRDA:469,28,0,3
BRDA:469,28,1,1
BRDA:487,29,0,20
BRDA:487,29,1,2
BRDA:493,30,0,2
BRDA:493,30,1,5
BRDA:503,31,0,5
BRDA:503,31,1,16
BRF:63
BRH:61
end_of_record
TN:
SF:/Users/cliffano/dev/workspace/nestor/lib/consolestream.js
FN:8,ConsoleStream
FNF:1
FNH:1
FNDA:7,ConsoleStream
DA:1,1
DA:8,1
DA:10,1
DA:12,1
DA:13,1
DA:15,1
LF:6
LH:6
BRF:0
BRH:0
end_of_record
TN:
SF:/Users/cliffano/dev/workspace/nestor/lib/http/jenkins.js
FN:12,queue
FN:25,version
FN:27,_success
FNF:3
FNH:3
FNDA:1,queue
FNDA:2,version
FNDA:2,_success
DA:1,1
DA:2,1
DA:3,1
DA:12,1
DA:14,1
DA:16,1
DA:25,1
DA:27,1
DA:28,2
DA:29,1
DA:31,1
DA:35,2
DA:37,2
DA:40,1
DA:41,1
LF:15
LH:15
BRDA:28,1,0,1
BRDA:28,1,1,1
BRF:2
BRH:2
end_of_record
TN:
SF:/Users/cliffano/dev/workspace/nestor/lib/http/util.js
FN:9,passThroughSuccess
FN:20,htmlError
FN:34,jobNotFoundError
FN:35,(anonymous_4)
FN:46,viewNotFoundError
FN:47,(anonymous_6)
FNF:6
FNH:6
FNDA:1,passThroughSuccess
FNDA:1,htmlError
FNDA:8,jobNotFoundError
FNDA:1,(anonymous_4)
FNDA:3,viewNotFoundError
FNDA:1,(anonymous_6)
DA:1,1
DA:9,1
DA:10,1
DA:20,1
DA:21,1
DA:25,1
DA:34,1
DA:35,8
DA:36,1
DA:46,1
DA:47,3
DA:48,1
DA:52,1
DA:53,1
DA:54,1
DA:55,1
LF:16
LH:16
BRF:0
BRH:0
end_of_record
TN:
SF:/Users/cliffano/dev/workspace/nestor/lib/http/job.js
FN:11,create
FN:30,read
FN:45,update
FN:61,_delete
FN:75,stop
FN:91,enable
FN:107,disable
FN:122,copy
FN:139,fetchConfig
FNF:9
FNH:9
FNDA:1,create
FNDA:1,read
FNDA:1,update
FNDA:1,_delete
FNDA:1,stop
FNDA:1,enable
FNDA:1,disable
FNDA:1,copy
FNDA:1,fetchConfig
DA:1,1
DA:2,1
DA:11,1
DA:13,1
DA:14,1
DA:15,1
DA:17,1
DA:18,1
DA:20,1
DA:30,1
DA:32,1
DA:33,1
DA:35,1
DA:45,1
DA:47,1
DA:49,1
DA:50,1
DA:52,1
DA:61,1
DA:63,1
DA:64,1
DA:66,1
DA:75,1
DA:77,1
DA:78,1
DA:80,1
DA:91,1
DA:93,1
DA:94,1
DA:96,1
DA:107,1
DA:109,1
DA:110,1
DA:112,1
DA:122,1
DA:124,1
DA:125,1
DA:127,1
DA:128,1
DA:130,1
DA:139,1
DA:141,1
DA:142,1
DA:144,1
DA:147,1
DA:148,1
DA:149,1
DA:150,1
DA:152,1
DA:153,1
DA:154,1
DA:155,1
DA:156,1
LF:53
LH:53
BRF:0
BRH:0
end_of_record
TN:
SF:/Users/cliffano/dev/workspace/nestor/lib/http/view.js
FN:11,create
FN:30,update
FN:46,fetchConfig
FNF:3
FNH:3
FNDA:1,create
FNDA:1,update
FNDA:1,fetchConfig
DA:1,1
DA:2,1
DA:11,1
DA:13,1
DA:14,1
DA:15,1
DA:17,1
DA:18,1
DA:20,1
DA:30,1
DA:32,1
DA:34,1
DA:35,1
DA:37,1
DA:46,1
DA:48,1
DA:49,1
DA:51,1
DA:54,1
DA:55,1
DA:56,1
LF:21
LH:21
BRF:0
BRH:0
end_of_record
TN:
SF:/Users/cliffano/dev/workspace/nestor/lib/cli/jenkins.js
FN:12,queue
FN:13,(anonymous_2)
FN:14,resultCb
FN:19,(anonymous_4)
FN:24,jenkinsCb
FN:37,version
FN:38,(anonymous_7)
FN:39,resultCb
FN:42,jenkinsCb
FNF:9
FNH:9
FNDA:26,queue
FNDA:2,(anonymous_2)
FNDA:2,resultCb
FNDA:2,(anonymous_4)
FNDA:2,jenkinsCb
FNDA:25,version
FNDA:1,(anonymous_7)
FNDA:1,resultCb
FNDA:1,jenkinsCb
DA:1,1
DA:2,1
DA:3,1
DA:12,1
DA:13,26
DA:14,1
DA:15,2
DA:16,2
DA:17,1
DA:19,1
DA:20,2
DA:24,1
DA:25,2
DA:27,2
DA:37,1
DA:38,25
DA:39,1
DA:40,1
DA:42,1
DA:43,1
DA:45,1
DA:49,1
DA:50,1
LF:23
LH:23
BRDA:16,1,0,1
BRDA:16,1,1,1
BRF:2
BRH:2
end_of_record
TN:
SF:/Users/cliffano/dev/workspace/nestor/lib/cli/job.js
FN:13,create
FN:14,(anonymous_2)
FN:15,resultCb
FN:18,jenkinsCb
FN:33,read
FN:34,(anonymous_6)
FN:35,resultCb
FN:40,(anonymous_8)
FN:44,jenkinsCb
FN:58,update
FN:59,(anonymous_11)
FN:60,resultCb
FN:63,jenkinsCb
FN:78,_delete
FN:79,(anonymous_15)
FN:80,resultCb
FN:83,jenkinsCb
FN:97,stop
FN:98,(anonymous_19)
FN:99,resultCb
FN:102,jenkinsCb
FN:116,enable
FN:117,(anonymous_23)
FN:118,resultCb
FN:121,jenkinsCb
FN:135,disable
FN:136,(anonymous_27)
FN:137,resultCb
FN:140,jenkinsCb
FN:154,copy
FN:155,(anonymous_31)
FN:156,resultCb
FN:159,jenkinsCb
FN:173,fetchConfig
FN:174,(anonymous_35)
FN:175,resultCb
FN:178,jenkinsCb
FNF:37
FNH:37
FNDA:49,create
FNDA:1,(anonymous_2)
FNDA:1,resultCb
FNDA:1,jenkinsCb
FNDA:50,read
FNDA:2,(anonymous_6)
FNDA:2,resultCb
FNDA:4,(anonymous_8)
FNDA:2,jenkinsCb
FNDA:49,update
FNDA:1,(anonymous_11)
FNDA:1,resultCb
FNDA:1,jenkinsCb
FNDA:49,_delete
FNDA:1,(anonymous_15)
FNDA:1,resultCb
FNDA:1,jenkinsCb
FNDA:49,stop
FNDA:1,(anonymous_19)
FNDA:1,resultCb
FNDA:1,jenkinsCb
FNDA:49,enable
FNDA:1,(anonymous_23)
FNDA:1,resultCb
FNDA:1,jenkinsCb
FNDA:49,disable
FNDA:1,(anonymous_27)
FNDA:1,resultCb
FNDA:1,jenkinsCb
FNDA:49,copy
FNDA:1,(anonymous_31)
FNDA:1,resultCb
FNDA:1,jenkinsCb
FNDA:49,fetchConfig
FNDA:1,(anonymous_35)
FNDA:1,resultCb
FNDA:1,jenkinsCb
DA:1,1
DA:2,1
DA:3,1
DA:4,1
DA:13,1
DA:14,49
DA:15,1
DA:16,1
DA:18,1
DA:19,1
DA:20,1
DA:22,1
DA:33,1
DA:34,50
DA:35,1
DA:36,2
DA:37,2
DA:38,2
DA:39,2
DA:40,2
DA:41,4
DA:44,1
DA:45,2
DA:47,2
DA:58,1
DA:59,49
DA:60,1
DA:61,1
DA:63,1
DA:64,1
DA:65,1
DA:67,1
DA:78,1
DA:79,49
DA:80,1
DA:81,1
DA:83,1
DA:84,1
DA:86,1
DA:97,1
DA:98,49
DA:99,1
DA:100,1
DA:102,1
DA:103,1
DA:105,1
DA:116,1
DA:117,49
DA:118,1
DA:119,1
DA:121,1
DA:122,1
DA:124,1
DA:135,1
DA:136,49
DA:137,1
DA:138,1
DA:140,1
DA:141,1
DA:143,1
DA:154,1
DA:155,49
DA:156,1
DA:157,1
DA:159,1
DA:160,1
DA:162,1
DA:173,1
DA:174,49
DA:175,1
DA:176,1
DA:178,1
DA:179,1
DA:181,1
DA:185,1
DA:186,1
DA:187,1
DA:188,1
DA:189,1
DA:190,1
DA:191,1
DA:192,1
DA:193,1
LF:83
LH:83
BRDA:38,1,0,1
BRDA:38,1,1,1
BRF:2
BRH:2
end_of_record
TN:
SF:/Users/cliffano/dev/workspace/nestor/lib/cli/util.js
FN:9,statusByColor
FNF:1
FNH:1
FNDA:13,statusByColor
DA:9,1
DA:11,13
DA:22,13
DA:24,13
DA:27,1
LF:5
LH:5
BRDA:24,1,0,13
BRDA:24,1,1,2
BRF:2
BRH:2
end_of_record
TN:
SF:/Users/cliffano/dev/workspace/nestor/lib/cli/view.js
FN:12,create
FN:13,(anonymous_2)
FN:14,resultCb
FN:17,jenkinsCb
FN:32,update
FN:33,(anonymous_6)
FN:34,resultCb
FN:37,jenkinsCb
FN:52,fetchConfig
FN:53,(anonymous_10)
FN:54,resultCb
FN:57,jenkinsCb
FNF:12
FNH:12
FNDA:25,create
FNDA:1,(anonymous_2)
FNDA:1,resultCb
FNDA:1,jenkinsCb
FNDA:25,update
FNDA:1,(anonymous_6)
FNDA:1,resultCb
FNDA:1,jenkinsCb
FNDA:25,fetchConfig
FNDA:1,(anonymous_10)
FNDA:1,resultCb
FNDA:1,jenkinsCb
DA:1,1
DA:2,1
DA:3,1
DA:12,1
DA:13,25
DA:14,1
DA:15,1
DA:17,1
DA:18,1
DA:19,1
DA:21,1
DA:32,1
DA:33,25
DA:34,1
DA:35,1
DA:37,1
DA:38,1
DA:39,1
DA:41,1
DA:52,1
DA:53,25
DA:54,1
DA:55,1
DA:57,1
DA:58,1
DA:60,1
DA:64,1
DA:65,1
DA:66,1
LF:29
LH:29
BRF:0
BRH:0
end_of_record
